<?xml version="1.0" encoding="UTF-8"?>
<!-- Generated by org.testng.reporters.JUnitXMLReporter -->
<testsuite hostname="DESKTOP-FNF69NB" ignored="0" name="Add Customer Test" tests="4" failures="0" timestamp="07 Jan 2018 07:55:26 GMT" time="90.308" errors="0">
  <testcase name="addCustomerTest" time="79.251" classname="com.w2a.testcases.AddCustomerTest"/>
  <testcase name="addCustomerTest" time="0.0" classname="com.w2a.testcases.AddCustomerTest">
    <skipped/>
  </testcase> <!-- addCustomerTest -->
  <testcase name="addCustomerTest" time="5.595" classname="com.w2a.testcases.AddCustomerTest"/>
  <testcase name="addCustomerTest" time="4.982" classname="com.w2a.testcases.AddCustomerTest"/>
</testsuite> <!-- Add Customer Test -->
