<?xml version="1.0" encoding="UTF-8"?>
<!-- Generated by org.testng.reporters.JUnitXMLReporter -->
<testsuite ignored="0" hostname="Krupal_Chavda" failures="0" tests="4" name="Add Cutomer Test" time="4.176" errors="0" timestamp="2024-11-09T11:15:28 IST">
  <testcase classname="com.kbc.testcases.AddCustomerTest" name="addCustomerTest" time="1.611"/>
  <testcase classname="com.kbc.testcases.AddCustomerTest" name="addCustomerTest" time="0.985"/>
  <testcase classname="com.kbc.testcases.AddCustomerTest" name="addCustomerTest" time="0.959"/>
  <testcase classname="com.kbc.testcases.AddCustomerTest" name="addCustomerTest" time="0.599"/>
</testsuite> <!-- Add Cutomer Test -->
