<?xml version="1.0" encoding="UTF-8"?>
<!-- Generated by org.testng.reporters.JUnitXMLReporter -->
<testsuite ignored="0" hostname="Krupal_Chavda" failures="0" tests="4" name="Add Cutomer Test" time="2.932" errors="0" timestamp="2024-08-14T08:42:55 IST">
  <testcase classname="com.kbc.testcases.AddCustomerTest" name="addCustomerTest" time="0.607"/>
  <testcase classname="com.kbc.testcases.AddCustomerTest" name="addCustomerTest" time="0.731"/>
  <testcase classname="com.kbc.testcases.AddCustomerTest" name="addCustomerTest" time="0.78"/>
  <testcase classname="com.kbc.testcases.AddCustomerTest" name="addCustomerTest" time="0.794"/>
</testsuite> <!-- Add Cutomer Test -->
