<?xml version="1.0" encoding="UTF-8"?>
<testng-results ignored="0" total="6" passed="6" failed="0" skipped="0">
  <reporter-output>
  </reporter-output>
  <suite started-at="2024-08-10T12:35:16 IST" name="Data Driven Basics" finished-at="2024-08-10T12:35:26 IST" duration-ms="9876">
    <groups>
    </groups>
    <test started-at="2024-08-10T12:35:16 IST" name="Bank Manager Login Test" finished-at="2024-08-10T12:35:17 IST" duration-ms="490">
      <class name="com.kbc.testcases.BankManagerLoginTest">
        <test-method signature="bankManagerLoginTest()[pri:0, instance:com.kbc.testcases.BankManagerLoginTest@13047d7d]" started-at="2024-08-10T12:35:16 IST" name="bankManagerLoginTest" finished-at="2024-08-10T12:35:17 IST" duration-ms="336" status="PASS">
          <reporter-output>
          </reporter-output>
        </test-method> <!-- bankManagerLoginTest -->
      </class> <!-- com.kbc.testcases.BankManagerLoginTest -->
    </test> <!-- Bank Manager Login Test -->
    <test started-at="2024-08-10T12:35:19 IST" name="Add Cutomer Test" finished-at="2024-08-10T12:35:25 IST" duration-ms="6364">
      <class name="com.kbc.testcases.AddCustomerTest">
        <test-method signature="addCustomerTest(java.util.Hashtable)[pri:0, instance:com.kbc.testcases.AddCustomerTest@3c0036b]" started-at="2024-08-10T12:35:19 IST" name="addCustomerTest" data-provider="dp" finished-at="2024-08-10T12:35:21 IST" duration-ms="2585" status="PASS">
          <params>
            <param index="0">
              <value>
                <![CDATA[{alerttext=Customer added successfully, postcode=A234wd, Runmode=Y, lastname=Chavda, firstname=Krupal}]]>
              </value>
            </param>
          </params>
          <reporter-output>
          </reporter-output>
        </test-method> <!-- addCustomerTest -->
        <test-method signature="addCustomerTest(java.util.Hashtable)[pri:0, instance:com.kbc.testcases.AddCustomerTest@3c0036b]" started-at="2024-08-10T12:35:21 IST" name="addCustomerTest" data-provider="dp" finished-at="2024-08-10T12:35:22 IST" duration-ms="1254" status="PASS">
          <params>
            <param index="0">
              <value>
                <![CDATA[{alerttext=Customer added successfully, postcode=A234wd, Runmode=Y, lastname=Tata, firstname=Ratan}]]>
              </value>
            </param>
          </params>
          <reporter-output>
          </reporter-output>
        </test-method> <!-- addCustomerTest -->
        <test-method signature="addCustomerTest(java.util.Hashtable)[pri:0, instance:com.kbc.testcases.AddCustomerTest@3c0036b]" started-at="2024-08-10T12:35:22 IST" name="addCustomerTest" data-provider="dp" finished-at="2024-08-10T12:35:24 IST" duration-ms="1226" status="PASS">
          <params>
            <param index="0">
              <value>
                <![CDATA[{alerttext=Customer added successfully, postcode=A234wd, Runmode=Y, lastname=Ambani, firstname=Mukesh}]]>
              </value>
            </param>
          </params>
          <reporter-output>
          </reporter-output>
        </test-method> <!-- addCustomerTest -->
        <test-method signature="addCustomerTest(java.util.Hashtable)[pri:0, instance:com.kbc.testcases.AddCustomerTest@3c0036b]" started-at="2024-08-10T12:35:24 IST" name="addCustomerTest" data-provider="dp" finished-at="2024-08-10T12:35:25 IST" duration-ms="1258" status="PASS">
          <params>
            <param index="0">
              <value>
                <![CDATA[{alerttext=Customer added successfully, postcode=A234wd, Runmode=Y, lastname=Adani, firstname=Gautam}]]>
              </value>
            </param>
          </params>
          <reporter-output>
          </reporter-output>
        </test-method> <!-- addCustomerTest -->
      </class> <!-- com.kbc.testcases.AddCustomerTest -->
    </test> <!-- Add Cutomer Test -->
    <test started-at="2024-08-10T12:35:25 IST" name="Open Account Test" finished-at="2024-08-10T12:35:26 IST" duration-ms="960">
      <class name="com.kbc.testcases.OpenAccountTest">
        <test-method is-config="true" signature="setup()[pri:0, instance:com.kbc.testcases.OpenAccountTest@78e89bfe]" started-at="2024-08-10T12:35:12 IST" name="setup" finished-at="2024-08-10T12:35:16 IST" duration-ms="4209" status="PASS">
          <reporter-output>
          </reporter-output>
        </test-method> <!-- setup -->
        <test-method signature="openAccountTest(java.util.Hashtable)[pri:0, instance:com.kbc.testcases.OpenAccountTest@78e89bfe]" started-at="2024-08-10T12:35:25 IST" name="openAccountTest" data-provider="dp" finished-at="2024-08-10T12:35:26 IST" duration-ms="952" status="PASS">
          <params>
            <param index="0">
              <value>
                <![CDATA[{currency=Rupee, customer=Krupal Chavda}]]>
              </value>
            </param>
          </params>
          <reporter-output>
          </reporter-output>
        </test-method> <!-- openAccountTest -->
        <test-method is-config="true" signature="teardown()[pri:0, instance:com.kbc.testcases.OpenAccountTest@78e89bfe]" started-at="2024-08-10T12:35:26 IST" name="teardown" finished-at="2024-08-10T12:35:27 IST" duration-ms="916" status="PASS">
          <reporter-output>
          </reporter-output>
        </test-method> <!-- teardown -->
      </class> <!-- com.kbc.testcases.OpenAccountTest -->
    </test> <!-- Open Account Test -->
  </suite> <!-- Data Driven Basics -->
</testng-results>
