<?xml version="1.0" encoding="UTF-8"?>
<testsuite name="TestSuite" time="1.446" tests="6" errors="0" skipped="0" failures="0">
  <properties>
[...]
</properties>
  <testcase name="bankManagerLoginTest" classname="com.kbc.testcases.BankManagerLoginTest" time="0.183"/>
  <testcase name="addCustomerTest" classname="com.kbc.testcases.AddCustomerTest" time="0.392"/>
  <testcase name="addCustomerTest" classname="com.kbc.testcases.AddCustomerTest" time="0.434"/>
  <testcase name="addCustomerTest" classname="com.kbc.testcases.AddCustomerTest" time="0.415"/>
  <testcase name="addCustomerTest" classname="com.kbc.testcases.AddCustomerTest" time="0.45"/>
  <testcase name="openAccountTest" classname="com.kbc.testcases.OpenAccountTest" time="0.871"/>
</testsuite>