<?xml version="1.0" encoding="UTF-8"?>
<testng-results ignored="0" total="6" passed="6" failed="0" skipped="0">
  <reporter-output>
  </reporter-output>
  <suite started-at="2024-08-14T08:42:51 IST" name="Data Driven Basics" finished-at="2024-08-14T08:42:56 IST" duration-ms="5059">
    <groups>
    </groups>
    <test started-at="2024-08-14T08:42:51 IST" name="Bank Manager Login Test" finished-at="2024-08-14T08:42:52 IST" duration-ms="347">
      <class name="com.kbc.testcases.BankManagerLoginTest">
        <test-method signature="bankManagerLoginTest()[pri:0, instance:com.kbc.testcases.BankManagerLoginTest@61f3fbb8]" started-at="2024-08-14T08:42:51 IST" name="bankManagerLoginTest" finished-at="2024-08-14T08:42:52 IST" duration-ms="245" status="PASS">
          <reporter-output>
          </reporter-output>
        </test-method> <!-- bankManagerLoginTest -->
      </class> <!-- com.kbc.testcases.BankManagerLoginTest -->
    </test> <!-- Bank Manager Login Test -->
    <test started-at="2024-08-14T08:42:52 IST" name="Add Cutomer Test" finished-at="2024-08-14T08:42:55 IST" duration-ms="2932">
      <class name="com.kbc.testcases.AddCustomerTest">
        <test-method signature="addCustomerTest(java.util.Hashtable)[pri:0, instance:com.kbc.testcases.AddCustomerTest@7e7f0f0a]" started-at="2024-08-14T08:42:52 IST" name="addCustomerTest" data-provider="dp" finished-at="2024-08-14T08:42:53 IST" duration-ms="607" status="PASS">
          <params>
            <param index="0">
              <value>
                <![CDATA[{alerttext=Customer added successfully, postcode=A234wd, Runmode=Y, lastname=Chavda, firstname=Krupal}]]>
              </value>
            </param>
          </params>
          <reporter-output>
          </reporter-output>
        </test-method> <!-- addCustomerTest -->
        <test-method signature="addCustomerTest(java.util.Hashtable)[pri:0, instance:com.kbc.testcases.AddCustomerTest@7e7f0f0a]" started-at="2024-08-14T08:42:53 IST" name="addCustomerTest" data-provider="dp" finished-at="2024-08-14T08:42:54 IST" duration-ms="731" status="PASS">
          <params>
            <param index="0">
              <value>
                <![CDATA[{alerttext=Customer added successfully, postcode=A234wd, Runmode=Y, lastname=Tata, firstname=Ratan}]]>
              </value>
            </param>
          </params>
          <reporter-output>
          </reporter-output>
        </test-method> <!-- addCustomerTest -->
        <test-method signature="addCustomerTest(java.util.Hashtable)[pri:0, instance:com.kbc.testcases.AddCustomerTest@7e7f0f0a]" started-at="2024-08-14T08:42:54 IST" name="addCustomerTest" data-provider="dp" finished-at="2024-08-14T08:42:54 IST" duration-ms="780" status="PASS">
          <params>
            <param index="0">
              <value>
                <![CDATA[{alerttext=Customer added successfully, postcode=A234wd, Runmode=Y, lastname=Ambani, firstname=Mukesh}]]>
              </value>
            </param>
          </params>
          <reporter-output>
          </reporter-output>
        </test-method> <!-- addCustomerTest -->
        <test-method signature="addCustomerTest(java.util.Hashtable)[pri:0, instance:com.kbc.testcases.AddCustomerTest@7e7f0f0a]" started-at="2024-08-14T08:42:54 IST" name="addCustomerTest" data-provider="dp" finished-at="2024-08-14T08:42:55 IST" duration-ms="794" status="PASS">
          <params>
            <param index="0">
              <value>
                <![CDATA[{alerttext=Customer added successfully, postcode=A234wd, Runmode=Y, lastname=Adani, firstname=Gautam}]]>
              </value>
            </param>
          </params>
          <reporter-output>
          </reporter-output>
        </test-method> <!-- addCustomerTest -->
      </class> <!-- com.kbc.testcases.AddCustomerTest -->
    </test> <!-- Add Cutomer Test -->
    <test started-at="2024-08-14T08:42:55 IST" name="Open Account Test" finished-at="2024-08-14T08:42:56 IST" duration-ms="1162">
      <class name="com.kbc.testcases.OpenAccountTest">
        <test-method is-config="true" signature="setup()[pri:0, instance:com.kbc.testcases.OpenAccountTest@63ec445c]" started-at="2024-08-14T08:42:45 IST" name="setup" finished-at="2024-08-14T08:42:51 IST" duration-ms="6529" status="PASS">
          <reporter-output>
          </reporter-output>
        </test-method> <!-- setup -->
        <test-method signature="openAccountTest(java.util.Hashtable)[pri:0, instance:com.kbc.testcases.OpenAccountTest@63ec445c]" started-at="2024-08-14T08:42:55 IST" name="openAccountTest" data-provider="dp" finished-at="2024-08-14T08:42:56 IST" duration-ms="1157" status="PASS">
          <params>
            <param index="0">
              <value>
                <![CDATA[{currency=Rupee, customer=Krupal Chavda}]]>
              </value>
            </param>
          </params>
          <reporter-output>
          </reporter-output>
        </test-method> <!-- openAccountTest -->
        <test-method is-config="true" signature="teardown()[pri:0, instance:com.kbc.testcases.OpenAccountTest@63ec445c]" started-at="2024-08-14T08:42:56 IST" name="teardown" finished-at="2024-08-14T08:42:59 IST" duration-ms="2845" status="PASS">
          <reporter-output>
          </reporter-output>
        </test-method> <!-- teardown -->
      </class> <!-- com.kbc.testcases.OpenAccountTest -->
    </test> <!-- Open Account Test -->
  </suite> <!-- Data Driven Basics -->
</testng-results>
