<?xml version="1.0" encoding="UTF-8"?>
<testsuite name="TestSuite" time="3.917" tests="6" errors="0" skipped="0" failures="0">
  <properties>
[...]
</properties>
  <testcase name="bankManagerLoginTest" classname="com.kbc.testcases.BankManagerLoginTest" time="0.375"/>
  <testcase name="addCustomerTest" classname="com.kbc.testcases.AddCustomerTest" time="2.588"/>
  <testcase name="addCustomerTest" classname="com.kbc.testcases.AddCustomerTest" time="1.256"/>
  <testcase name="addCustomerTest" classname="com.kbc.testcases.AddCustomerTest" time="1.226"/>
  <testcase name="addCustomerTest" classname="com.kbc.testcases.AddCustomerTest" time="1.259"/>
  <testcase name="openAccountTest" classname="com.kbc.testcases.OpenAccountTest" time="0.954"/>
</testsuite>