<?xml version="1.0" encoding="UTF-8"?>
<testsuite name="Add Cutomer Test"
           tests="4"
           failures="0"
           errors="0"
           skipped="0"
           time="3.895">
  <properties />
  
  
            <testcase name="addCustomerTest" time="0.820" classname="com.kbc.testcases.AddCustomerTest" />
                <testcase name="addCustomerTest" time="0.754" classname="com.kbc.testcases.AddCustomerTest" />
                <testcase name="addCustomerTest" time="1.030" classname="com.kbc.testcases.AddCustomerTest" />
                <testcase name="addCustomerTest" time="1.291" classname="com.kbc.testcases.AddCustomerTest" />
      
</testsuite>
