<?xml version="1.0" encoding="UTF-8"?>
<testsuite name="Add Cutomer Test"
           tests="4"
           failures="0"
           errors="0"
           skipped="0"
           time="4.154">
  <properties />
  
  
            <testcase name="addCustomerTest" time="0.959" classname="com.kbc.testcases.AddCustomerTest" />
                <testcase name="addCustomerTest" time="0.985" classname="com.kbc.testcases.AddCustomerTest" />
                <testcase name="addCustomerTest" time="0.599" classname="com.kbc.testcases.AddCustomerTest" />
                <testcase name="addCustomerTest" time="1.611" classname="com.kbc.testcases.AddCustomerTest" />
      
</testsuite>
